<?xml version="1.0" encoding="UTF-8"?>
<!-- Generated by org.testng.reporters.JUnitReportReporter -->
<testsuite skipped="0" hostname="DESKTOP-5O7EG3Q" name="king.Test3" tests="2" failures="0" timestamp="03 Jan 2023 05:33:29 GMT" time="0.016" errors="0">
  <testcase name="TestCaseSwim2" time="0.000" classname="king.Test3"/>
  <testcase name="TestCaseSwim1" time="0.016" classname="king.Test3"/>
</testsuite> <!-- king.Test3 -->
