<?xml version="1.0" encoding="UTF-8"?>
<!-- Generated by org.testng.reporters.JUnitReportReporter -->
<testsuite skipped="0" hostname="DESKTOP-5O7EG3Q" name="king.Test2" tests="2" failures="0" timestamp="03 Jan 2023 05:33:29 GMT" time="0.046" errors="0">
  <testcase name="TestCaseRun2" time="0.015" classname="king.Test2"/>
  <testcase name="TestCaseRun1" time="0.031" classname="king.Test2"/>
</testsuite> <!-- king.Test2 -->
