<?xml version="1.0" encoding="UTF-8"?>
<!-- Generated by org.testng.reporters.JUnitReportReporter -->
<testsuite skipped="0" hostname="DESKTOP-5O7EG3Q" name="king.Test1" tests="2" failures="0" timestamp="03 Jan 2023 05:33:29 GMT" time="0.030" errors="0">
  <testcase name="TestCase2" time="0.015" classname="king.Test1"/>
  <testcase name="TestCase1" time="0.015" classname="king.Test1"/>
</testsuite> <!-- king.Test1 -->
